Loaded library 
Constructing tool from setup file setup_forward.xml.

AbstractTool default loading model 'subject10_adjusted_loaded_markered_adjusted.osim'
Loaded model loadedwalking_subject10_adjusted_loaded_markered_adjusted from file subject10_adjusted_loaded_markered_adjusted.osim
Adding force object set from cmc_actuators_LowerBody.xml
Adding force object set from loaded_residual_actuators.xml
Adding force object set from device.xml
-----------------------------------------------------------------------
Running tool default.
Storage: file=ground_reaction.mot (nr=4638 nc=19)
ExternalForce::Right_GRF
Data source being set to subject10_loaded_free_trial03_ground_reaction
ExternalForce::Left_GRF
Data source being set to subject10_loaded_free_trial03_ground_reaction

Loading states from file results/loadedwalking_subject10_loaded_free_trial03_cmc_states.sto.
Storage: file=results/loadedwalking_subject10_loaded_free_trial03_cmc_states.sto (nr=1362 nc=205)
Found 1362 state vectors with time stamps ranging
from 0.58 to 1.6361.

default: The initial time for the investigation has been set to 0.58
to agree exactly with the time stamp of the closest initial states in file results/loadedwalking_subject10_loaded_free_trial03_cmc_states.sto.

MODEL: loadedwalking_subject10_adjusted_loaded_markered_adjusted

ANALYSES (0)

BODIES (24)
body[0] = ground (mass: 0) (inertia: 0 0 0 0 0 0 0 0 0)
body[1] = pelvis (mass: 10.0103) (inertia: 0.0845305 0 0 0 0.0845305 0 0 0 0.0435183)
body[2] = femur_r (mass: 7.90605) (inertia: 0.136736 0 0 0 0.0358435 0 0 0 0.144191)
body[3] = tibia_r (mass: 3.15132) (inertia: 0.0544425 0 0 0 0.00550906 0 0 0 0.0551986)
body[4] = patella_r (mass: 0.0732687) (inertia: 2.93079e-06 0 0 0 1.33877e-05 0 0 0 1.33877e-05)
body[5] = talus_r (mass: 0.0849985) (inertia: 0.00130716 0 0 0 0.00111248 0 0 0 0.00111248)
body[6] = calcn_r (mass: 1.06248) (inertia: 0.00183002 0 0 0 0.00385199 0 0 0 0.00385199)
body[7] = toes_r (mass: 0.184107) (inertia: 0.000130716 0 0 0 0.000203029 0 0 0 0.000203029)
body[8] = femur_l (mass: 7.90605) (inertia: 0.136736 0 0 0 0.0358435 0 0 0 0.144191)
body[9] = tibia_l (mass: 3.15132) (inertia: 0.0544425 0 0 0 0.00550906 0 0 0 0.0551986)
body[10] = patella_l (mass: 0.0732687) (inertia: 2.93079e-06 0 0 0 1.33877e-05 0 0 0 1.33877e-05)
body[11] = talus_l (mass: 0.0849985) (inertia: 0.00130716 0 0 0 0.00111248 0 0 0 0.00111248)
body[12] = calcn_l (mass: 1.06248) (inertia: 0.00183002 0 0 0 0.00385199 0 0 0 0.00385199)
body[13] = toes_l (mass: 0.184107) (inertia: 0.000130716 0 0 0 0.000203029 0 0 0 0.000203029)
body[14] = torso (mass: 22.7662) (inertia: 1.43094 0 0 0 0.727278 0 0 0 1.43094)
body[15] = humerus_r (mass: 1.72759) (inertia: 0.0127446 0 0 0 0.00439649 0 0 0 0.0143054)
body[16] = ulna_r (mass: 0.516366) (inertia: 0.00241685 0 0 0 0.000504257 0 0 0 0.00262165)
body[17] = radius_r (mass: 0.516366) (inertia: 0.00241685 0 0 0 0.000504257 0 0 0 0.00262165)
body[18] = hand_r (mass: 0.388868) (inertia: 0.000758186 0 0 0 0.000464942 0 0 0 0.00113898)
body[19] = humerus_l (mass: 1.72759) (inertia: 0.0127446 0 0 0 0.00439649 0 0 0 0.0143054)
body[20] = ulna_l (mass: 0.516366) (inertia: 0.00241685 0 0 0 0.000504257 0 0 0 0.00262165)
body[21] = radius_l (mass: 0.516366) (inertia: 0.00241685 0 0 0 0.000504257 0 0 0 0.00262165)
body[22] = hand_l (mass: 0.388868) (inertia: 0.000758186 0 0 0 0.000464942 0 0 0 0.00113898)
body[23] = backpack (mass: 38.1386) (inertia: 0.88102 0 0 0 0.748645 0 0 0 0.88102)

ACTUATORS (115)
actuator[0] = add_brev_r
actuator[1] = add_long_r
actuator[2] = add_mag3_r
actuator[3] = add_mag4_r
actuator[4] = add_mag2_r
actuator[5] = add_mag1_r
actuator[6] = bifemlh_r
actuator[7] = bifemsh_r
actuator[8] = ext_dig_r
actuator[9] = ext_hal_r
actuator[10] = flex_dig_r
actuator[11] = flex_hal_r
actuator[12] = lat_gas_r
actuator[13] = med_gas_r
actuator[14] = glut_max1_r
actuator[15] = glut_max2_r
actuator[16] = glut_max3_r
actuator[17] = glut_med1_r
actuator[18] = glut_med2_r
actuator[19] = glut_med3_r
actuator[20] = glut_min1_r
actuator[21] = glut_min2_r
actuator[22] = glut_min3_r
actuator[23] = grac_r
actuator[24] = iliacus_r
actuator[25] = per_brev_r
actuator[26] = per_long_r
actuator[27] = peri_r
actuator[28] = psoas_r
actuator[29] = rect_fem_r
actuator[30] = sar_r
actuator[31] = semimem_r
actuator[32] = semiten_r
actuator[33] = soleus_r
actuator[34] = tfl_r
actuator[35] = tib_ant_r
actuator[36] = tib_post_r
actuator[37] = vas_int_r
actuator[38] = vas_lat_r
actuator[39] = vas_med_r
actuator[40] = add_brev_l
actuator[41] = add_long_l
actuator[42] = add_mag3_l
actuator[43] = add_mag4_l
actuator[44] = add_mag2_l
actuator[45] = add_mag1_l
actuator[46] = bifemlh_l
actuator[47] = bifemsh_l
actuator[48] = ext_dig_l
actuator[49] = ext_hal_l
actuator[50] = flex_dig_l
actuator[51] = flex_hal_l
actuator[52] = lat_gas_l
actuator[53] = med_gas_l
actuator[54] = glut_max1_l
actuator[55] = glut_max2_l
actuator[56] = glut_max3_l
actuator[57] = glut_med1_l
actuator[58] = glut_med2_l
actuator[59] = glut_med3_l
actuator[60] = glut_min1_l
actuator[61] = glut_min2_l
actuator[62] = glut_min3_l
actuator[63] = grac_l
actuator[64] = iliacus_l
actuator[65] = per_brev_l
actuator[66] = per_long_l
actuator[67] = peri_l
actuator[68] = psoas_l
actuator[69] = rect_fem_l
actuator[70] = sar_l
actuator[71] = semimem_l
actuator[72] = semiten_l
actuator[73] = soleus_l
actuator[74] = tfl_l
actuator[75] = tib_ant_l
actuator[76] = tib_post_l
actuator[77] = vas_int_l
actuator[78] = vas_lat_l
actuator[79] = vas_med_l
actuator[80] = lumbar_ext
actuator[81] = lumbar_bend
actuator[82] = lumbar_rot
actuator[83] = shoulder_flex_r
actuator[84] = shoulder_add_r
actuator[85] = shoulder_rot_r
actuator[86] = elbow_flex_r
actuator[87] = pro_sup_r
actuator[88] = wrist_flex_r
actuator[89] = wrist_dev_r
actuator[90] = shoulder_flex_l
actuator[91] = shoulder_add_l
actuator[92] = shoulder_rot_l
actuator[93] = elbow_flex_l
actuator[94] = pro_sup_l
actuator[95] = wrist_flex_l
actuator[96] = wrist_dev_l
actuator[97] = reserve_hip_flexion_r
actuator[98] = reserve_hip_adduction_r
actuator[99] = reserve_hip_rotation_r
actuator[100] = reserve_knee_angle_r
actuator[101] = reserve_ankle_angle_r
actuator[102] = reserve_hip_flexion_l
actuator[103] = reserve_hip_adduction_l
actuator[104] = reserve_hip_rotation_l
actuator[105] = reserve_knee_angle_l
actuator[106] = reserve_ankle_angle_l
actuator[107] = FX
actuator[108] = FY
actuator[109] = FZ
actuator[110] = MX
actuator[111] = MY
actuator[112] = MZ
actuator[113] = assist_ankle_angle_r
actuator[114] = assist_ankle_angle_l
numStates = 204
numCoordinates = 39
numSpeeds = 39
numActuators = 115
numBodies = 24
numConstraints = 2
numProbes = 1

STATES (204)
y[0] = pelvis_tilt
y[1] = pelvis_list
y[2] = pelvis_rotation
y[3] = pelvis_tx
y[4] = pelvis_ty
y[5] = pelvis_tz
y[6] = hip_flexion_r
y[7] = hip_adduction_r
y[8] = hip_rotation_r
y[9] = knee_angle_r
y[10] = knee_angle_r_beta
y[11] = ankle_angle_r
y[12] = subtalar_angle_r
y[13] = mtp_angle_r
y[14] = hip_flexion_l
y[15] = hip_adduction_l
y[16] = hip_rotation_l
y[17] = knee_angle_l
y[18] = knee_angle_l_beta
y[19] = ankle_angle_l
y[20] = subtalar_angle_l
y[21] = mtp_angle_l
y[22] = lumbar_extension
y[23] = lumbar_bending
y[24] = lumbar_rotation
y[25] = arm_flex_r
y[26] = arm_add_r
y[27] = arm_rot_r
y[28] = elbow_flex_r
y[29] = pro_sup_r
y[30] = wrist_flex_r
y[31] = wrist_dev_r
y[32] = arm_flex_l
y[33] = arm_add_l
y[34] = arm_rot_l
y[35] = elbow_flex_l
y[36] = pro_sup_l
y[37] = wrist_flex_l
y[38] = wrist_dev_l
y[39] = pelvis_tilt_u
y[40] = pelvis_list_u
y[41] = pelvis_rotation_u
y[42] = pelvis_tx_u
y[43] = pelvis_ty_u
y[44] = pelvis_tz_u
y[45] = hip_flexion_r_u
y[46] = hip_adduction_r_u
y[47] = hip_rotation_r_u
y[48] = knee_angle_r_u
y[49] = knee_angle_r_beta_u
y[50] = ankle_angle_r_u
y[51] = subtalar_angle_r_u
y[52] = mtp_angle_r_u
y[53] = hip_flexion_l_u
y[54] = hip_adduction_l_u
y[55] = hip_rotation_l_u
y[56] = knee_angle_l_u
y[57] = knee_angle_l_beta_u
y[58] = ankle_angle_l_u
y[59] = subtalar_angle_l_u
y[60] = mtp_angle_l_u
y[61] = lumbar_extension_u
y[62] = lumbar_bending_u
y[63] = lumbar_rotation_u
y[64] = arm_flex_r_u
y[65] = arm_add_r_u
y[66] = arm_rot_r_u
y[67] = elbow_flex_r_u
y[68] = pro_sup_r_u
y[69] = wrist_flex_r_u
y[70] = wrist_dev_r_u
y[71] = arm_flex_l_u
y[72] = arm_add_l_u
y[73] = arm_rot_l_u
y[74] = elbow_flex_l_u
y[75] = pro_sup_l_u
y[76] = wrist_flex_l_u
y[77] = wrist_dev_l_u
y[78] = add_brev_r.activation
y[79] = add_long_r.activation
y[80] = add_long_r.fiber_length
y[81] = add_mag3_r.activation
y[82] = add_mag4_r.activation
y[83] = add_mag4_r.fiber_length
y[84] = add_mag2_r.activation
y[85] = add_mag1_r.activation
y[86] = bifemlh_r.activation
y[87] = bifemlh_r.fiber_length
y[88] = bifemsh_r.activation
y[89] = ext_dig_r.activation
y[90] = ext_dig_r.fiber_length
y[91] = ext_hal_r.activation
y[92] = ext_hal_r.fiber_length
y[93] = flex_dig_r.activation
y[94] = flex_dig_r.fiber_length
y[95] = flex_hal_r.activation
y[96] = flex_hal_r.fiber_length
y[97] = lat_gas_r.activation
y[98] = lat_gas_r.fiber_length
y[99] = med_gas_r.activation
y[100] = med_gas_r.fiber_length
y[101] = glut_max1_r.activation
y[102] = glut_max2_r.activation
y[103] = glut_max3_r.activation
y[104] = glut_med1_r.activation
y[105] = glut_med2_r.activation
y[106] = glut_med3_r.activation
y[107] = glut_min1_r.activation
y[108] = glut_min2_r.activation
y[109] = glut_min3_r.activation
y[110] = glut_min3_r.fiber_length
y[111] = grac_r.activation
y[112] = iliacus_r.activation
y[113] = per_brev_r.activation
y[114] = per_brev_r.fiber_length
y[115] = per_long_r.activation
y[116] = per_long_r.fiber_length
y[117] = peri_r.activation
y[118] = peri_r.fiber_length
y[119] = psoas_r.activation
y[120] = rect_fem_r.activation
y[121] = rect_fem_r.fiber_length
y[122] = sar_r.activation
y[123] = semimem_r.activation
y[124] = semimem_r.fiber_length
y[125] = semiten_r.activation
y[126] = semiten_r.fiber_length
y[127] = soleus_r.activation
y[128] = soleus_r.fiber_length
y[129] = tfl_r.activation
y[130] = tfl_r.fiber_length
y[131] = tib_ant_r.activation
y[132] = tib_ant_r.fiber_length
y[133] = tib_post_r.activation
y[134] = tib_post_r.fiber_length
y[135] = vas_int_r.activation
y[136] = vas_int_r.fiber_length
y[137] = vas_lat_r.activation
y[138] = vas_lat_r.fiber_length
y[139] = vas_med_r.activation
y[140] = vas_med_r.fiber_length
y[141] = add_brev_l.activation
y[142] = add_long_l.activation
y[143] = add_long_l.fiber_length
y[144] = add_mag3_l.activation
y[145] = add_mag4_l.activation
y[146] = add_mag4_l.fiber_length
y[147] = add_mag2_l.activation
y[148] = add_mag1_l.activation
y[149] = bifemlh_l.activation
y[150] = bifemlh_l.fiber_length
y[151] = bifemsh_l.activation
y[152] = ext_dig_l.activation
y[153] = ext_dig_l.fiber_length
y[154] = ext_hal_l.activation
y[155] = ext_hal_l.fiber_length
y[156] = flex_dig_l.activation
y[157] = flex_dig_l.fiber_length
y[158] = flex_hal_l.activation
y[159] = flex_hal_l.fiber_length
y[160] = lat_gas_l.activation
y[161] = lat_gas_l.fiber_length
y[162] = med_gas_l.activation
y[163] = med_gas_l.fiber_length
y[164] = glut_max1_l.activation
y[165] = glut_max2_l.activation
y[166] = glut_max3_l.activation
y[167] = glut_med1_l.activation
y[168] = glut_med2_l.activation
y[169] = glut_med3_l.activation
y[170] = glut_min1_l.activation
y[171] = glut_min2_l.activation
y[172] = glut_min3_l.activation
y[173] = glut_min3_l.fiber_length
y[174] = grac_l.activation
y[175] = iliacus_l.activation
y[176] = per_brev_l.activation
y[177] = per_brev_l.fiber_length
y[178] = per_long_l.activation
y[179] = per_long_l.fiber_length
y[180] = peri_l.activation
y[181] = peri_l.fiber_length
y[182] = psoas_l.activation
y[183] = rect_fem_l.activation
y[184] = rect_fem_l.fiber_length
y[185] = sar_l.activation
y[186] = semimem_l.activation
y[187] = semimem_l.fiber_length
y[188] = semiten_l.activation
y[189] = semiten_l.fiber_length
y[190] = soleus_l.activation
y[191] = soleus_l.fiber_length
y[192] = tfl_l.activation
y[193] = tfl_l.fiber_length
y[194] = tib_ant_l.activation
y[195] = tib_ant_l.fiber_length
y[196] = tib_post_l.activation
y[197] = tib_post_l.fiber_length
y[198] = vas_int_l.activation
y[199] = vas_int_l.fiber_length
y[200] = vas_lat_l.activation
y[201] = vas_lat_l.fiber_length
y[202] = vas_med_l.activation
y[203] = vas_med_l.fiber_length


Integrating from 0.58 to 5
